nohup: ignoring input
[2025-09-17 15:32:52] Starting monitor for 7 symbol(s) using 'finnhub' provider... Symbols: BTC, GLD, GOOGL, LULU, NVDA, PYPL, TTD
[2025-09-17 15:32:52] Interval: 15s, Iterations: ∞
[2025-09-17 15:32:54] Alert cooldown active
[2025-09-17 15:32:54] Next check in 15 seconds...
[2025-09-17 15:33:11] Alert cooldown active
[2025-09-17 15:33:11] Next check in 15 seconds...
[2025-09-17 15:33:29] Alert cooldown active
[2025-09-17 15:33:29] Next check in 15 seconds...
[2025-09-17 15:33:46] Alert cooldown active
[2025-09-17 15:33:46] Next check in 15 seconds...
[2025-09-17 15:34:03] Alert cooldown active
[2025-09-17 15:34:03] Next check in 15 seconds...
[2025-09-17 15:34:20] Alert cooldown active
[2025-09-17 15:34:20] Next check in 15 seconds...
[2025-09-17 15:34:37] Alert cooldown active
[2025-09-17 15:34:37] Next check in 15 seconds...
[2025-09-17 15:34:54] Alert cooldown active
[2025-09-17 15:34:54] Next check in 15 seconds...
[2025-09-17 15:35:11] Alert cooldown active
[2025-09-17 15:35:11] Next check in 15 seconds...
[2025-09-17 15:35:28] Alert cooldown active
[2025-09-17 15:35:28] Next check in 15 seconds...
[2025-09-17 15:35:46] Alert cooldown active
[2025-09-17 15:35:46] Next check in 15 seconds...
[2025-09-17 15:36:03] Alert cooldown active
[2025-09-17 15:36:03] Next check in 15 seconds...
[2025-09-17 15:36:20] Alert cooldown active
[2025-09-17 15:36:20] Next check in 15 seconds...
[2025-09-17 15:36:37] Alert cooldown active
[2025-09-17 15:36:37] Next check in 15 seconds...
[2025-09-17 15:36:54] Alert cooldown active
[2025-09-17 15:36:54] Next check in 15 seconds...
[2025-09-17 15:37:11] Alert cooldown active
[2025-09-17 15:37:11] Next check in 15 seconds...
[2025-09-17 15:37:28] Alert cooldown active
[2025-09-17 15:37:28] Next check in 15 seconds...
[2025-09-17 15:37:45] Alert cooldown active
[2025-09-17 15:37:45] Next check in 15 seconds...
[2025-09-17 15:38:02] Alert cooldown active
[2025-09-17 15:38:02] Next check in 15 seconds...
[2025-09-17 15:38:20] Alert cooldown active
[2025-09-17 15:38:20] Next check in 15 seconds...
[2025-09-17 15:38:37] Alert cooldown active
[2025-09-17 15:38:37] Next check in 15 seconds...
[2025-09-17 15:38:54] Alert cooldown active
[2025-09-17 15:38:54] Next check in 15 seconds...
[2025-09-17 15:39:11] Alert cooldown active
[2025-09-17 15:39:11] Next check in 15 seconds...
[2025-09-17 15:39:28] Alert cooldown active
[2025-09-17 15:39:28] Next check in 15 seconds...
[2025-09-17 15:39:45] Alert cooldown active
[2025-09-17 15:39:45] Next check in 15 seconds...
